<?xml version="1.0" encoding="UTF-8"?>
<!-- Generated by org.testng.reporters.JUnitReportReporter -->
<testsuite hostname="yuxiaolong" name="cn.vko.core.db.util.TestDbSqlUtil" tests="14" failures="0" timestamp="15 May 2014 11:29:06 GMT" time="0.032" errors="0">
  <testcase name="testFetchStringIll" time="0.001" classname="cn.vko.core.db.util.TestDbSqlUtil"/>
  <testcase name="testFetchLongIll" time="0.001" classname="cn.vko.core.db.util.TestDbSqlUtil"/>
  <testcase name="testQueryIntPagerRecordCount" time="0.000" classname="cn.vko.core.db.util.TestDbSqlUtil"/>
  <testcase name="testFetchIntIll" time="0.000" classname="cn.vko.core.db.util.TestDbSqlUtil"/>
  <testcase name="testFetchEntity" time="0.001" classname="cn.vko.core.db.util.TestDbSqlUtil"/>
  <testcase name="testQueryEntityPagerRecordCount" time="0.003" classname="cn.vko.core.db.util.TestDbSqlUtil"/>
  <testcase name="testQueryEntityPager" time="0.002" classname="cn.vko.core.db.util.TestDbSqlUtil"/>
  <testcase name="testQueryIntCastIll" time="0.001" classname="cn.vko.core.db.util.TestDbSqlUtil"/>
  <testcase name="testQueryIntPager" time="0.000" classname="cn.vko.core.db.util.TestDbSqlUtil"/>
  <testcase name="testQueryEntity" time="0.010" classname="cn.vko.core.db.util.TestDbSqlUtil"/>
  <testcase name="testFetchSignleNormal" time="0.003" classname="cn.vko.core.db.util.TestDbSqlUtil"/>
  <testcase name="testQueryIntIll" time="0.000" classname="cn.vko.core.db.util.TestDbSqlUtil"/>
  <testcase name="testQueryEntityIll" time="0.009" classname="cn.vko.core.db.util.TestDbSqlUtil"/>
  <testcase name="testQueryIntAll" time="0.001" classname="cn.vko.core.db.util.TestDbSqlUtil"/>
</testsuite>
