<?xml version="1.0" encoding="UTF-8"?>
<!-- Generated by org.testng.reporters.JUnitReportReporter -->
<testsuite hostname="yuxiaolong" name="cn.vko.core.db.util.TestDbExendUtil" tests="7" failures="0" timestamp="15 May 2014 11:29:06 GMT" time="0.016" errors="0">
  <testcase name="testCountNull" time="0.001" classname="cn.vko.core.db.util.TestDbExendUtil"/>
  <testcase name="testAbleSignleNoral" time="0.002" classname="cn.vko.core.db.util.TestDbExendUtil"/>
  <testcase name="testCountCnd" time="0.002" classname="cn.vko.core.db.util.TestDbExendUtil"/>
  <testcase name="testDisableStatus" time="0.001" classname="cn.vko.core.db.util.TestDbExendUtil"/>
  <testcase name="testCount" time="0.002" classname="cn.vko.core.db.util.TestDbExendUtil"/>
  <testcase name="testAbleMulipt" time="0.006" classname="cn.vko.core.db.util.TestDbExendUtil"/>
  <testcase name="testEnableStatus" time="0.002" classname="cn.vko.core.db.util.TestDbExendUtil"/>
</testsuite>
