<?xml version="1.0" encoding="UTF-8"?>
<!-- Generated by org.testng.reporters.JUnitReportReporter -->
<testsuite hostname="yuxiaolong" name="cn.vko.core.db.util.TestRecordUtil" tests="7" failures="0" timestamp="15 May 2014 11:29:06 GMT" time="0.001" errors="0">
  <testcase name="testGetDoubleIll" time="0.000" classname="cn.vko.core.db.util.TestRecordUtil"/>
  <testcase name="testGetBoolean" time="0.000" classname="cn.vko.core.db.util.TestRecordUtil"/>
  <testcase name="testGetBooleanIll" time="0.000" classname="cn.vko.core.db.util.TestRecordUtil"/>
  <testcase name="testGetLong" time="0.000" classname="cn.vko.core.db.util.TestRecordUtil"/>
  <testcase name="testGetLongIll" time="0.000" classname="cn.vko.core.db.util.TestRecordUtil"/>
  <testcase name="testGetDateIll" time="0.000" classname="cn.vko.core.db.util.TestRecordUtil"/>
  <testcase name="testGetDouble" time="0.001" classname="cn.vko.core.db.util.TestRecordUtil"/>
</testsuite>
