<?xml version="1.0" encoding="UTF-8"?>
<!-- Generated by org.testng.reporters.JUnitReportReporter -->
<testsuite hostname="yuxiaolong" name="cn.vko.core.db.dao.impl.TestDbDao" tests="64" failures="0" timestamp="15 May 2014 11:29:06 GMT" time="0.064" errors="0">
  <testcase name="testInsertTableByClass" time="0.001" classname="cn.vko.core.db.dao.impl.TestDbDao"/>
  <testcase name="testFetchByClassByCnd" time="0.005" classname="cn.vko.core.db.dao.impl.TestDbDao"/>
  <testcase name="testUpdateObjNull" time="0.000" classname="cn.vko.core.db.dao.impl.TestDbDao"/>
  <testcase name="testUpdateByClassTableNameNull" time="0.000" classname="cn.vko.core.db.dao.impl.TestDbDao"/>
  <testcase name="testInsertListHasNull" time="0.001" classname="cn.vko.core.db.dao.impl.TestDbDao"/>
  <testcase name="testInsertTableByTableNameTabelNameNull" time="0.000" classname="cn.vko.core.db.dao.impl.TestDbDao"/>
  <testcase name="testDeleteByIdNull" time="0.001" classname="cn.vko.core.db.dao.impl.TestDbDao"/>
  <testcase name="testInsertMapNull" time="0.000" classname="cn.vko.core.db.dao.impl.TestDbDao"/>
  <testcase name="testInsertMap" time="0.002" classname="cn.vko.core.db.dao.impl.TestDbDao"/>
  <testcase name="testInsertList" time="0.001" classname="cn.vko.core.db.dao.impl.TestDbDao"/>
  <testcase name="testUpdateWithoutId" time="0.000" classname="cn.vko.core.db.dao.impl.TestDbDao"/>
  <testcase name="testUpdateArrayParty" time="0.002" classname="cn.vko.core.db.dao.impl.TestDbDao"/>
  <testcase name="testFetchByIdNotHasId" time="0.000" classname="cn.vko.core.db.dao.impl.TestDbDao"/>
  <testcase name="testInsertArrayNull" time="0.000" classname="cn.vko.core.db.dao.impl.TestDbDao"/>
  <testcase name="testUpdateListParty" time="0.002" classname="cn.vko.core.db.dao.impl.TestDbDao"/>
  <testcase name="testQueryBySqlCndAndPagerNull" time="0.002" classname="cn.vko.core.db.dao.impl.TestDbDao"/>
  <testcase name="testInsertArrayHasNull" time="0.001" classname="cn.vko.core.db.dao.impl.TestDbDao"/>
  <testcase name="testUpdateMap" time="0.000" classname="cn.vko.core.db.dao.impl.TestDbDao"/>
  <testcase name="testQueryByTableNameTableNameNull" time="0.000" classname="cn.vko.core.db.dao.impl.TestDbDao"/>
  <testcase name="testUpdateListAll" time="0.003" classname="cn.vko.core.db.dao.impl.TestDbDao"/>
  <testcase name="testInsertSingleWithAutoIdHasId" time="0.000" classname="cn.vko.core.db.dao.impl.TestDbDao"/>
  <testcase name="testUpdateSingleParty" time="0.002" classname="cn.vko.core.db.dao.impl.TestDbDao"/>
  <testcase name="testFetchByTableNameByCnd" time="0.001" classname="cn.vko.core.db.dao.impl.TestDbDao"/>
  <testcase name="testInsertTableByClassClassNull" time="0.001" classname="cn.vko.core.db.dao.impl.TestDbDao"/>
  <testcase name="testQueryByClassClazzNull" time="0.000" classname="cn.vko.core.db.dao.impl.TestDbDao"/>
  <testcase name="testUpdateArrayAll" time="0.003" classname="cn.vko.core.db.dao.impl.TestDbDao"/>
  <testcase name="testFetchBySqlNull" time="0.000" classname="cn.vko.core.db.dao.impl.TestDbDao"/>
  <testcase name="testInsertNull" time="0.001" classname="cn.vko.core.db.dao.impl.TestDbDao"/>
  <testcase name="testFetchByTableNameNull" time="0.000" classname="cn.vko.core.db.dao.impl.TestDbDao"/>
  <testcase name="testExcuteNull" time="0.000" classname="cn.vko.core.db.dao.impl.TestDbDao"/>
  <testcase name="testUpdateSingleAll" time="0.001" classname="cn.vko.core.db.dao.impl.TestDbDao"/>
  <testcase name="testInsertWithOutAutoHasId" time="0.001" classname="cn.vko.core.db.dao.impl.TestDbDao"/>
  <testcase name="testQueryBySql" time="0.002" classname="cn.vko.core.db.dao.impl.TestDbDao"/>
  <testcase name="testInsertTableByTableName" time="0.000" classname="cn.vko.core.db.dao.impl.TestDbDao"/>
  <testcase name="testQueryByClass" time="0.002" classname="cn.vko.core.db.dao.impl.TestDbDao"/>
  <testcase name="testDeleteByIdNormal" time="0.007" classname="cn.vko.core.db.dao.impl.TestDbDao"/>
  <testcase name="testInsertArrayNotSame" time="0.000" classname="cn.vko.core.db.dao.impl.TestDbDao"/>
  <testcase name="testFetchByClassNull" time="0.000" classname="cn.vko.core.db.dao.impl.TestDbDao"/>
  <testcase name="testInsertSingleWithAutoIdNotHasId" time="0.000" classname="cn.vko.core.db.dao.impl.TestDbDao"/>
  <testcase name="testQueryBySqlCnd" time="0.001" classname="cn.vko.core.db.dao.impl.TestDbDao"/>
  <testcase name="testQueryByTableName" time="0.001" classname="cn.vko.core.db.dao.impl.TestDbDao"/>
  <testcase name="testQueryByTableNameCnd" time="0.001" classname="cn.vko.core.db.dao.impl.TestDbDao"/>
  <testcase name="testInsertCollectionNull" time="0.000" classname="cn.vko.core.db.dao.impl.TestDbDao"/>
  <testcase name="testInsertArray" time="0.001" classname="cn.vko.core.db.dao.impl.TestDbDao"/>
  <testcase name="testFetchByTableNameByNotExistsId" time="0.001" classname="cn.vko.core.db.dao.impl.TestDbDao"/>
  <testcase name="testQueryByTableNameCndAndPagerNull" time="0.003" classname="cn.vko.core.db.dao.impl.TestDbDao"/>
  <testcase name="testUpdateWithoutIdParty" time="0.000" classname="cn.vko.core.db.dao.impl.TestDbDao"/>
  <testcase name="testQueryByClassCnd" time="0.001" classname="cn.vko.core.db.dao.impl.TestDbDao"/>
  <testcase name="testFetchByCndNotHasId" time="0.000" classname="cn.vko.core.db.dao.impl.TestDbDao"/>
  <testcase name="testUpdateByTableNameTableNameNull" time="0.000" classname="cn.vko.core.db.dao.impl.TestDbDao"/>
  <testcase name="testDeleteWithoutId" time="0.001" classname="cn.vko.core.db.dao.impl.TestDbDao"/>
  <testcase name="testInsertTableByTableNameChainNull" time="0.001" classname="cn.vko.core.db.dao.impl.TestDbDao"/>
  <testcase name="testFetchBySqlNotExists" time="0.000" classname="cn.vko.core.db.dao.impl.TestDbDao"/>
  <testcase name="testDeleteNull" time="0.000" classname="cn.vko.core.db.dao.impl.TestDbDao"/>
  <testcase name="testDeleteNormal" time="0.001" classname="cn.vko.core.db.dao.impl.TestDbDao"/>
  <testcase name="testFetchByClassByNotExistsId" time="0.001" classname="cn.vko.core.db.dao.impl.TestDbDao"/>
  <testcase name="testQueryByClassCndAndPagerNull" time="0.003" classname="cn.vko.core.db.dao.impl.TestDbDao"/>
  <testcase name="testInsertSingleWithNotAutoIdNotHasId" time="0.001" classname="cn.vko.core.db.dao.impl.TestDbDao"/>
  <testcase name="testFetchBySql" time="0.002" classname="cn.vko.core.db.dao.impl.TestDbDao"/>
  <testcase name="testFetchByTableNameById" time="0.001" classname="cn.vko.core.db.dao.impl.TestDbDao"/>
  <testcase name="testInsertTableByClassChainNull" time="0.000" classname="cn.vko.core.db.dao.impl.TestDbDao"/>
  <testcase name="testFetchByClassById" time="0.001" classname="cn.vko.core.db.dao.impl.TestDbDao"/>
  <testcase name="testQueryBySqlSqlNull" time="0.000" classname="cn.vko.core.db.dao.impl.TestDbDao"/>
  <testcase name="testInsertSingleWithoutIdNotHasId" time="0.001" classname="cn.vko.core.db.dao.impl.TestDbDao"/>
</testsuite>
