<?xml version="1.0" encoding="UTF-8"?>
<!-- Generated by org.testng.reporters.JUnitReportReporter -->
<testsuite hostname="yuxiaolong" name="cn.vko.core.db.dao.impl.TestOperateDbDao" tests="11" failures="0" timestamp="15 May 2014 11:29:06 GMT" time="0.015" errors="0">
  <testcase name="testInsertWithUserId" time="0.001" classname="cn.vko.core.db.dao.impl.TestOperateDbDao"/>
  <testcase name="testUpdateSignle" time="0.002" classname="cn.vko.core.db.dao.impl.TestOperateDbDao"/>
  <testcase name="testUpdateCollection" time="0.002" classname="cn.vko.core.db.dao.impl.TestOperateDbDao"/>
  <testcase name="testInsertCollection" time="0.001" classname="cn.vko.core.db.dao.impl.TestOperateDbDao"/>
  <testcase name="testInsertMap" time="0.001" classname="cn.vko.core.db.dao.impl.TestOperateDbDao"/>
  <testcase name="testInsertArray" time="0.004" classname="cn.vko.core.db.dao.impl.TestOperateDbDao"/>
  <testcase name="testUpdateArray" time="0.003" classname="cn.vko.core.db.dao.impl.TestOperateDbDao"/>
  <testcase name="testUpdateMap" time="0.000" classname="cn.vko.core.db.dao.impl.TestOperateDbDao"/>
  <testcase name="testInsertSignle" time="0.001" classname="cn.vko.core.db.dao.impl.TestOperateDbDao"/>
  <testcase name="testUpdateNull" time="0.000" classname="cn.vko.core.db.dao.impl.TestOperateDbDao"/>
  <testcase name="testInsertNull" time="0.000" classname="cn.vko.core.db.dao.impl.TestOperateDbDao"/>
</testsuite>
