<?xml version="1.0" encoding="UTF-8"?>
<!-- Generated by org.testng.reporters.JUnitReportReporter -->
<testsuite hostname="yuxiaolong" name="cn.vko.core.db.util.TestEntityUtil" tests="2" failures="0" timestamp="15 May 2014 11:29:06 GMT" time="0.001" errors="0">
  <testcase name="testGetTableName" time="0.000" classname="cn.vko.core.db.util.TestEntityUtil"/>
  <testcase name="testEName2TName" time="0.001" classname="cn.vko.core.db.util.TestEntityUtil"/>
</testsuite>
