<?xml version="1.0" encoding="UTF-8"?>
<!-- Generated by org.testng.reporters.JUnitReportReporter -->
<testsuite hostname="yuxiaolong" name="cn.vko.core.cms.TestParseUtil" tests="1" failures="0" timestamp="15 May 2014 11:29:07 GMT" time="0.001" errors="0">
  <testcase name="testGetProps" time="0.001" classname="cn.vko.core.cms.TestParseUtil"/>
</testsuite>
