<?xml version="1.0" encoding="UTF-8"?>
<!-- Generated by org.testng.reporters.JUnitReportReporter -->
<testsuite hostname="yuxiaolong" name="cn.vko.core.cms.TestCms" tests="2" failures="0" timestamp="15 May 2014 11:29:07 GMT" time="0.149" errors="0">
  <testcase name="testRegex" time="0.079" classname="cn.vko.core.cms.TestCms"/>
  <testcase name="testParse" time="0.070" classname="cn.vko.core.cms.TestCms"/>
</testsuite>
