<?xml version="1.0" encoding="UTF-8"?>
<!-- Generated by org.testng.reporters.JUnitReportReporter -->
<testsuite hostname="yuxiaolong" name="cn.xuexibao.business.spider.downloader.TesImg" tests="1" failures="0" timestamp="14 May 2014 09:59:55 GMT" time="1.856" errors="0">
  <testcase name="testDownload" time="1.856" classname="cn.xuexibao.business.spider.downloader.TesImg"/>
</testsuite> <!-- cn.xuexibao.business.spider.downloader.TesImg -->
