<?xml version="1.0" encoding="UTF-8"?>
<!-- Generated by org.testng.reporters.JUnitReportReporter -->
<testsuite hostname="SKY-20140314HVQ" name="cn.xuexibao.business.spider.test" tests="1" failures="0" timestamp="20 Apr 2014 07:37:06 GMT" time="0.008" errors="0">
  <testcase name="test" time="0.008" classname="cn.xuexibao.business.spider.test"/>
</testsuite> <!-- cn.xuexibao.business.spider.test -->
