<?xml version="1.0" encoding="UTF-8"?>
<!-- Generated by org.testng.reporters.JUnitReportReporter -->
<testsuite hostname="SKY-20140314HVQ" name="cn.xuexibao.business.spider.model.TransferTest" tests="1" failures="0" timestamp="24 Apr 2014 02:12:50 GMT" time="30.433" errors="0">
  <testcase name="testTrans3" time="30.433" classname="cn.xuexibao.business.spider.model.TransferTest"/>
</testsuite> <!-- cn.xuexibao.business.spider.model.TransferTest -->
