<?xml version="1.0" encoding="UTF-8"?>
<!-- Generated by org.testng.reporters.JUnitReportReporter -->
<testsuite hostname="SKY-20140314HVQ" name="cn.vko.business.spider.transfer.TransferPhysical" tests="1" failures="0" timestamp="5 May 2014 09:17:17 GMT" time="1603.994" errors="0">
  <testcase name="testTransPhysical" time="1603.994" classname="cn.vko.business.spider.transfer.TransferPhysical"/>
</testsuite> <!-- cn.vko.business.spider.transfer.TransferPhysical -->
