<?xml version="1.0" encoding="UTF-8"?>
<!-- Generated by org.testng.reporters.JUnitReportReporter -->
<testsuite hostname="SKY-20140314HVQ" name="cn.vko.business.spider.transfer.TransferTest" tests="1" failures="0" timestamp="3 May 2014 09:03:22 GMT" time="153.685" errors="0">
  <testcase name="testBug" time="153.685" classname="cn.vko.business.spider.transfer.TransferTest"/>
</testsuite> <!-- cn.vko.business.spider.transfer.TransferTest -->
