<?xml version="1.0" encoding="UTF-8"?>
<!-- Generated by org.testng.reporters.JUnitReportReporter -->
<testsuite hostname="SKY-20140314HVQ" name="cn.vko.business.spider.cookie.TZCookieQueueTest" tests="1" failures="0" timestamp="3 Apr 2014 01:41:11 GMT" time="132.595" errors="0">
  <testcase name="testPopCookie" time="132.595" classname="cn.vko.business.spider.cookie.TZCookieQueueTest"/>
</testsuite> <!-- cn.vko.business.spider.cookie.TZCookieQueueTest -->
