<?xml version="1.0" encoding="UTF-8"?>
<!-- Generated by org.testng.reporters.JUnitReportReporter -->
<testsuite hostname="SKY-20140314HVQ" name="cn.vko.business.spider.util.HttpUtilTest" tests="1" failures="0" timestamp="8 Apr 2014 05:31:55 GMT" time="0.474" errors="0">
  <testcase name="testSaveUrl" time="0.474" classname="cn.vko.business.spider.util.HttpUtilTest"/>
</testsuite> <!-- cn.vko.business.spider.util.HttpUtilTest -->
