<?xml version="1.0" encoding="UTF-8"?>
<!-- Generated by org.testng.reporters.JUnitReportReporter -->
<testsuite hostname="SKY-20140314HVQ" name="cn.vko.business.spider.util.ImgUrlUtilTest" tests="1" failures="0" timestamp="8 Apr 2014 08:45:34 GMT" time="0.018" errors="0">
  <testcase name="testImageUrl" time="0.018" classname="cn.vko.business.spider.util.ImgUrlUtilTest"/>
</testsuite> <!-- cn.vko.business.spider.util.ImgUrlUtilTest -->
