<?xml version="1.0" encoding="UTF-8"?>
<!-- Generated by org.testng.reporters.JUnitReportReporter -->
<testsuite hostname="SKY-20140314HVQ" name="cn.vko.business.spider.multiwork.TiZiWorkTest" tests="1" failures="0" timestamp="31 Mar 2014 10:04:58 GMT" time="3.682" errors="0">
  <testcase name="tzWorkTest" time="3.682" classname="cn.vko.business.spider.multiwork.TiZiWorkTest"/>
</testsuite> <!-- cn.vko.business.spider.multiwork.TiZiWorkTest -->
