<?xml version="1.0" encoding="UTF-8"?>
<!-- Generated by org.testng.reporters.JUnitReportReporter -->
<testsuite hostname="SKY-20140314HVQ" name="cn.vko.business.spider.multiwork.JYFilterWorkTest" tests="1" failures="0" timestamp="22 Apr 2014 03:44:33 GMT" time="575.766" errors="0">
  <testcase name="testWork" time="575.766" classname="cn.vko.business.spider.multiwork.JYFilterWorkTest"/>
</testsuite> <!-- cn.vko.business.spider.multiwork.JYFilterWorkTest -->
