<?xml version="1.0" encoding="UTF-8"?>
<!-- Generated by org.testng.reporters.JUnitReportReporter -->
<testsuite hostname="yuxiaolong" name="cn.vko.business.spider.model.TransferTest" tests="1" failures="0" timestamp="14 May 2014 05:48:18 GMT" time="588.759" errors="0">
  <testcase name="testTrans3" time="588.759" classname="cn.vko.business.spider.model.TransferTest"/>
</testsuite> <!-- cn.vko.business.spider.model.TransferTest -->
