<?xml version="1.0" encoding="UTF-8"?>
<!-- Generated by org.testng.reporters.JUnitReportReporter -->
<testsuite hostname="yuxiaolong" name="cn.vko.business.spider.downloader.ImgDownloaderTest" tests="1" failures="0" timestamp="14 May 2014 10:21:50 GMT" time="4035.158" errors="0">
  <testcase name="testDownload" time="4035.158" classname="cn.vko.business.spider.downloader.ImgDownloaderTest"/>
</testsuite> <!-- cn.vko.business.spider.downloader.ImgDownloaderTest -->
